# JRE version: Java(TM) SE Runtime Environment (17.0.12+8) (build 17.0.12+8-LTS-286)
# Java VM: Java HotSpot(TM) 64-Bit Server VM (17.0.12+8-LTS-286, mixed mode, sharing, tiered, compressed oops, compressed class ptrs, g1 gc, windows-amd64)
GC Precious Log:
 CPUs: 12 total, 12 available
 Memory: 6005M
 Large Page Support: Disabled
 NUMA Support: Disabled
 Compressed Oops: Enabled (32-bit)
 Heap Region Size: 1M
 Heap Min Capacity: 8M
 Heap Initial Capacity: 94M
 Heap Max Capacity: 1502M
 Pre-touch: Disabled
 Parallel Workers: 10
 Concurrent Workers: 3
 Concurrent Refinement Workers: 10
 Periodic GC: Disabled
Heap:
 garbage-first heap   total 51200K, used 35334K [0x00000000a2200000, 0x0000000100000000)
  region size 1024K, 18 young (18432K), 2 survivors (2048K)
 Metaspace       used 46294K, committed 46592K, reserved 1114112K
  class space    used 6185K, committed 6336K, reserved 1048576K
GC Heap History (16 events):
Event: 0.714 GC heap before
{Heap before GC invocations=0 (full 0):
 garbage-first heap   total 96256K, used 23552K [0x00000000a2200000, 0x0000000100000000)
  region size 1024K, 23 young (23552K), 0 survivors (0K)
 Metaspace       used 5689K, committed 5824K, reserved 1114112K
  class space    used 672K, committed 768K, reserved 1048576K
}
Event: 0.721 GC heap after
{Heap after GC invocations=1 (full 0):
 garbage-first heap   total 96256K, used 7248K [0x00000000a2200000, 0x0000000100000000)
  region size 1024K, 3 young (3072K), 3 survivors (3072K)
 Metaspace       used 5689K, committed 5824K, reserved 1114112K
  class space    used 672K, committed 768K, reserved 1048576K
}
Event: 1.347 GC heap before
{Heap before GC invocations=1 (full 0):
 garbage-first heap   total 96256K, used 32848K [0x00000000a2200000, 0x0000000100000000)
  region size 1024K, 28 young (28672K), 3 survivors (3072K)
 Metaspace       used 12000K, committed 12160K, reserved 1114112K
  class space    used 1461K, committed 1536K, reserved 1048576K
}
Event: 1.351 GC heap after
{Heap after GC invocations=2 (full 0):
 garbage-first heap   total 96256K, used 8913K [0x00000000a2200000, 0x0000000100000000)
  region size 1024K, 2 young (2048K), 2 survivors (2048K)
 Metaspace       used 12000K, committed 12160K, reserved 1114112K
  class space    used 1461K, committed 1536K, reserved 1048576K
}
Event: 2.585 GC heap before
{Heap before GC invocations=2 (full 0):
 garbage-first heap   total 96256K, used 60113K [0x00000000a2200000, 0x0000000100000000)
  region size 1024K, 53 young (54272K), 2 survivors (2048K)
 Metaspace       used 19055K, committed 19264K, reserved 1114112K
  class space    used 2384K, committed 2496K, reserved 1048576K
}
Event: 2.593 GC heap after
{Heap after GC invocations=3 (full 0):
 garbage-first heap   total 96256K, used 11753K [0x00000000a2200000, 0x0000000100000000)
  region size 1024K, 5 young (5120K), 5 survivors (5120K)
 Metaspace       used 19055K, committed 19264K, reserved 1114112K
  class space    used 2384K, committed 2496K, reserved 1048576K
}
Event: 2.900 GC heap before
{Heap before GC invocations=3 (full 0):
 garbage-first heap   total 96256K, used 23017K [0x00000000a2200000, 0x0000000100000000)
  region size 1024K, 17 young (17408K), 5 survivors (5120K)
 Metaspace       used 21269K, committed 21504K, reserved 1114112K
  class space    used 2678K, committed 2816K, reserved 1048576K
}
Event: 2.908 GC heap after
{Heap after GC invocations=4 (full 0):
 garbage-first heap   total 96256K, used 13125K [0x00000000a2200000, 0x0000000100000000)
  region size 1024K, 5 young (5120K), 5 survivors (5120K)
 Metaspace       used 21269K, committed 21504K, reserved 1114112K
  class space    used 2678K, committed 2816K, reserved 1048576K
}
Event: 3.735 GC heap before
{Heap before GC invocations=5 (full 0):
 garbage-first heap   total 51200K, used 38725K [0x00000000a2200000, 0x0000000100000000)
  region size 1024K, 30 young (30720K), 5 survivors (5120K)
 Metaspace       used 26398K, committed 26624K, reserved 1114112K
  class space    used 3337K, committed 3456K, reserved 1048576K
}
Event: 3.747 GC heap after
{Heap after GC invocations=6 (full 0):
 garbage-first heap   total 51200K, used 15697K [0x00000000a2200000, 0x0000000100000000)
  region size 1024K, 4 young (4096K), 4 survivors (4096K)
 Metaspace       used 26398K, committed 26624K, reserved 1114112K
  class space    used 3337K, committed 3456K, reserved 1048576K
}
Event: 4.225 GC heap before
{Heap before GC invocations=6 (full 0):
 garbage-first heap   total 51200K, used 36177K [0x00000000a2200000, 0x0000000100000000)
  region size 1024K, 24 young (24576K), 4 survivors (4096K)
 Metaspace       used 30370K, committed 30720K, reserved 1114112K
  class space    used 3918K, committed 4096K, reserved 1048576K
}
Event: 4.228 GC heap after
{Heap after GC invocations=7 (full 0):
 garbage-first heap   total 51200K, used 16939K [0x00000000a2200000, 0x0000000100000000)
  region size 1024K, 2 young (2048K), 2 survivors (2048K)
 Metaspace       used 30370K, committed 30720K, reserved 1114112K
  class space    used 3918K, committed 4096K, reserved 1048576K
}
Event: 4.772 GC heap before
{Heap before GC invocations=7 (full 0):
 garbage-first heap   total 51200K, used 35371K [0x00000000a2200000, 0x0000000100000000)
  region size 1024K, 21 young (21504K), 2 survivors (2048K)
 Metaspace       used 35746K, committed 35968K, reserved 1114112K
  class space    used 4700K, committed 4800K, reserved 1048576K
}
Event: 4.775 GC heap after
{Heap after GC invocations=8 (full 0):
 garbage-first heap   total 51200K, used 18464K [0x00000000a2200000, 0x0000000100000000)
  region size 1024K, 3 young (3072K), 3 survivors (3072K)
 Metaspace       used 35746K, committed 35968K, reserved 1114112K
  class space    used 4700K, committed 4800K, reserved 1048576K
}
Event: 5.559 GC heap before
{Heap before GC invocations=9 (full 0):
 garbage-first heap   total 51200K, used 37920K [0x00000000a2200000, 0x0000000100000000)
  region size 1024K, 22 young (22528K), 3 survivors (3072K)
 Metaspace       used 42876K, committed 43200K, reserved 1114112K
  class space    used 5620K, committed 5760K, reserved 1048576K
}
Event: 5.563 GC heap after
{Heap after GC invocations=10 (full 0):
 garbage-first heap   total 51200K, used 19974K [0x00000000a2200000, 0x0000000100000000)
  region size 1024K, 2 young (2048K), 2 survivors (2048K)
 Metaspace       used 42876K, committed 43200K, reserved 1114112K
  class space    used 5620K, committed 5760K, reserved 1048576K
}

